<?xml version="1.0" encoding="UTF-8"?>
<!-- Generated by org.testng.reporters.JUnitReportReporter -->
<testsuite hostname="Maddy" failures="0" tests="1" name="TestometerTest.WebLoginTest" time="0.936" errors="0" timestamp="2022-04-09T10:26:01 IST" skipped="0">
  <testcase classname="TestometerTest.WebLoginTest" name="testLogin" time="0.936"/>
  <system-out/>
</testsuite> <!-- TestometerTest.WebLoginTest -->
